This is pdfTeX, Version 3.14159265-2.6-1.40.16 (TeX Live 2015/Debian) (preloaded format=pdflatex 2018.8.3)  6 OCT 2018 19:19
entering extended mode
 restricted \write18 enabled.
 %&-line parsing enabled.
**LMT_Thesis.tex
(./LMT_Thesis.tex
LaTeX2e <2016/02/01>
Babel <3.9q> and hyphenation patterns for 10 language(s) loaded.
(/usr/share/texlive/texmf-dist/tex/latex/base/report.cls
Document Class: report 2014/09/29 v1.4h Standard LaTeX document class
(/usr/share/texlive/texmf-dist/tex/latex/base/size12.clo
File: size12.clo 2014/09/29 v1.4h Standard LaTeX file (size option)
)
\c@part=\count79
\c@chapter=\count80
\c@section=\count81
\c@subsection=\count82
\c@subsubsection=\count83
\c@paragraph=\count84
\c@subparagraph=\count85
\c@figure=\count86
\c@table=\count87
\abovecaptionskip=\skip41
\belowcaptionskip=\skip42
\bibindent=\dimen102
) (./lmtstyle.sty
(/usr/share/texlive/texmf-dist/tex/latex/base/ifthen.sty
Package: ifthen 2014/09/29 v1.1c Standard LaTeX ifthen package (DPC)
)
(/usr/share/texlive/texmf-dist/tex/latex/graphics/graphicx.sty
Package: graphicx 2014/10/28 v1.0g Enhanced LaTeX Graphics (DPC,SPQR)

(/usr/share/texlive/texmf-dist/tex/latex/graphics/keyval.sty
Package: keyval 2014/10/28 v1.15 key=value parser (DPC)
\KV@toks@=\toks14
)
(/usr/share/texlive/texmf-dist/tex/latex/graphics/graphics.sty
Package: graphics 2016/01/03 v1.0q Standard LaTeX Graphics (DPC,SPQR)

(/usr/share/texlive/texmf-dist/tex/latex/graphics/trig.sty
Package: trig 2016/01/03 v1.10 sin cos tan (DPC)
)
(/usr/share/texlive/texmf-dist/tex/latex/latexconfig/graphics.cfg
File: graphics.cfg 2010/04/23 v1.9 graphics configuration of TeX Live
)
Package graphics Info: Driver file: pdftex.def on input line 95.

(/usr/share/texlive/texmf-dist/tex/latex/pdftex-def/pdftex.def
File: pdftex.def 2011/05/27 v0.06d Graphics/color for pdfTeX

(/usr/share/texlive/texmf-dist/tex/generic/oberdiek/infwarerr.sty
Package: infwarerr 2010/04/08 v1.3 Providing info/warning/error messages (HO)
)
(/usr/share/texlive/texmf-dist/tex/generic/oberdiek/ltxcmds.sty
Package: ltxcmds 2011/11/09 v1.22 LaTeX kernel commands for general use (HO)
)
\Gread@gobject=\count88
))
\Gin@req@height=\dimen103
\Gin@req@width=\dimen104
))
(/usr/share/texlive/texmf-dist/tex/latex/koma-script/typearea.sty
Package: typearea 2015/10/03 v3.19a KOMA-Script package (type area)

Package typearea, 2015/10/03 v3.19a KOMA-Script package (type area)
                  Copyright (C) Frank Neukam, 1992-1994
                  Copyright (C) Markus Kohm, 1994-

(/usr/share/texlive/texmf-dist/tex/latex/koma-script/scrkbase.sty
Package: scrkbase 2015/10/03 v3.19a KOMA-Script package (KOMA-Script-dependent 
basics and keyval usage)

(/usr/share/texlive/texmf-dist/tex/latex/koma-script/scrbase.sty
Package: scrbase 2015/10/03 v3.19a KOMA-Script package (KOMA-Script-independent
 basics and keyval usage)

(/usr/share/texlive/texmf-dist/tex/latex/koma-script/scrlfile.sty
Package: scrlfile 2015/10/03 v3.19a KOMA-Script package (loading files)

Package scrlfile, 2015/10/03 v3.19a KOMA-Script package (loading files)
                  Copyright (C) Markus Kohm

)))
\ta@bcor=\skip43
\ta@div=\count89
Package typearea Info: You've used standard option `a4paper'.
(typearea)             This is correct!
(typearea)             Internally I'm using `paper=a4'.
(typearea)             If you'd like to set the option with \KOMAoptions,
(typearea)             you'd have to use `paper=a4' there
(typearea)             instead of `a4paper', too.
\ta@hblk=\skip44
\ta@vblk=\skip45
\ta@temp=\skip46
\footheight=\skip47
Package typearea Info: These are the values describing the layout:
(typearea)             DIV  = 12
(typearea)             BCOR = 28.45274pt
(typearea)             \paperwidth      = 597.50793pt
(typearea)              \textwidth      = 426.7914pt
(typearea)              DIV departure   = -1%
(typearea)              \evensidemargin = 27.31465pt
(typearea)              \oddsidemargin  = 27.31465pt
(typearea)             \paperheight     = 845.04694pt
(typearea)              \textheight     = 635.5pt
(typearea)              \topmargin      = -41.72441pt
(typearea)              \headheight     = 18.125pt
(typearea)              \headsep        = 21.75pt
(typearea)              \topskip        = 12.0pt
(typearea)              \footskip       = 50.75pt
(typearea)              \baselineskip   = 14.5pt
(typearea)              on input line 1509.
) (/usr/share/texlive/texmf-dist/tex/generic/babel/babel.sty
Package: babel 2016/02/24 3.9q The Babel package

(/usr/share/texlive/texmf-dist/tex/generic/babel-english/english.ldf
Language: english 2012/08/20 v3.3p English support from the babel system

(/usr/share/texlive/texmf-dist/tex/generic/babel/babel.def
File: babel.def 2016/02/24 3.9q Babel common definitions
\babel@savecnt=\count90
\U@D=\dimen105
)
\l@canadian = a dialect from \language\l@american 
\l@australian = a dialect from \language\l@british 
\l@newzealand = a dialect from \language\l@british 
)
(/usr/share/texlive/texmf-dist/tex/generic/babel-german/ngerman.ldf
Language: ngerman 2013/12/13 v2.7 German support for babel (new orthography)

(/usr/share/texlive/texmf-dist/tex/generic/babel-german/ngermanb.ldf
Language: ngermanb 2013/12/13 v2.7 German support for babel (new orthography)
\l@naustrian = a dialect from \language\l@ngerman 
\l@nswissgerman = a dialect from \language\l@ngerman 
Package babel Info: Making " an active character on input line 88.
)))
(/usr/share/texlive/texmf-dist/tex/latex/tocbibind/tocbibind.sty
Package: tocbibind 2010/10/13 v1.5k extra ToC listings
Package tocbibind Info: The document has chapter divisions on input line 50.


Package tocbibind Note: Using chapter style headings, unless overridden.

) (/usr/share/texlive/texmf-dist/tex/latex/parskip/parskip.sty
Package: parskip 2001/04/09 non-zero parskip adjustments
)
(/usr/share/texlive/texmf-dist/tex/latex/base/inputenc.sty
Package: inputenc 2015/03/17 v1.2c Input encoding file
\inpenc@prehook=\toks15
\inpenc@posthook=\toks16

(/usr/share/texlive/texmf-dist/tex/latex/base/latin1.def
File: latin1.def 2015/03/17 v1.2c Input encoding file
))
(/usr/share/texlive/texmf-dist/tex/latex/a4wide/a4wide.sty
Package: a4wide 1994/08/30

(/usr/share/texlive/texmf-dist/tex/latex/ntgclass/a4.sty
Package: a4 2004/04/15 v1.2g A4 based page layout
))
(/usr/share/texlive/texmf-dist/tex/latex/base/makeidx.sty
Package: makeidx 2014/09/29 v1.0m Standard LaTeX package
)
(/usr/share/texlive/texmf-dist/tex/latex/url/url.sty
\Urlmuskip=\muskip10
Package: url 2013/09/16  ver 3.4  Verb mode for urls, etc.
)
(/usr/share/texlive/texmf-dist/tex/latex/base/doc.sty
Package: doc 2014/09/29 v2.1e Standard LaTeX documentation package (FMi)
\c@StandardModuleDepth=\count91
\guard@level=\count92
\MacrocodeTopsep=\skip48
\MacroIndent=\dimen106
\macro@cnt=\count93
\MacroTopsep=\skip49
\index@excludelist=\toks17

(/usr/share/texlive/texmf-dist/tex/latex/tools/multicol.sty
Package: multicol 2015/08/19 v1.8n multicolumn formatting (FMi)
\c@tracingmulticols=\count94
\mult@box=\box26
\multicol@leftmargin=\dimen107
\c@unbalance=\count95
\c@collectmore=\count96
\doublecol@number=\count97
\multicoltolerance=\count98
\multicolpretolerance=\count99
\full@width=\dimen108
\page@free=\dimen109
\premulticols=\dimen110
\postmulticols=\dimen111
\multicolsep=\skip50
\multicolbaselineskip=\skip51
\partial@page=\box27
\last@line=\box28
\maxbalancingoverflow=\dimen112
\mult@rightbox=\box29
\mult@grightbox=\box30
\mult@gfirstbox=\box31
\mult@firstbox=\box32
\@tempa=\box33
\@tempa=\box34
\@tempa=\box35
\@tempa=\box36
\@tempa=\box37
\@tempa=\box38
\@tempa=\box39
\@tempa=\box40
\@tempa=\box41
\@tempa=\box42
\@tempa=\box43
\@tempa=\box44
\@tempa=\box45
\@tempa=\box46
\@tempa=\box47
\@tempa=\box48
\@tempa=\box49
\c@columnbadness=\count100
\c@finalcolumnbadness=\count101
\last@try=\dimen113
\multicolovershoot=\dimen114
\multicolundershoot=\dimen115
\mult@nat@firstbox=\box50
\colbreak@box=\box51
\mc@col@check@num=\count102
)
\IndexMin=\dimen116
\c@IndexColumns=\count103
\GlossaryMin=\dimen117
\c@GlossaryColumns=\count104
\check@sum=\count105
\bslash@cnt=\count106
\wrong@table=\toks18
\c@CodelineNo=\count107
)
(/usr/share/texlive/texmf-dist/tex/latex/subfigure/subfigure.sty
Package: subfigure 2002/03/15 v2.1.5 subfigure package
\subfigtopskip=\skip52
\subfigcapskip=\skip53
\subfigcaptopadj=\dimen118
\subfigbottomskip=\skip54
\subfigcapmargin=\dimen119
\subfiglabelskip=\skip55
\c@subfigure=\count108
\c@lofdepth=\count109
\c@subtable=\count110
\c@lotdepth=\count111

****************************************
* Local config file subfigure.cfg used *
****************************************
(/usr/share/texlive/texmf-dist/tex/latex/subfigure/subfigure.cfg)
\subfig@top=\skip56
\subfig@bottom=\skip57
)
(./LMT_Thesis.aux (./StatementsEN.aux) (./Kurzfassung.aux) (./Abstract.aux)
(./Introduction.aux) (./Body.aux) (./Conclusions.aux) (./Appendix.aux))
\openout1 = `LMT_Thesis.aux'.

LaTeX Font Info:    Checking defaults for OML/cmm/m/it on input line 61.
LaTeX Font Info:    ... okay on input line 61.
LaTeX Font Info:    Checking defaults for T1/cmr/m/n on input line 61.
LaTeX Font Info:    ... okay on input line 61.
LaTeX Font Info:    Checking defaults for OT1/cmr/m/n on input line 61.
LaTeX Font Info:    ... okay on input line 61.
LaTeX Font Info:    Checking defaults for OMS/cmsy/m/n on input line 61.
LaTeX Font Info:    ... okay on input line 61.
LaTeX Font Info:    Checking defaults for OMX/cmex/m/n on input line 61.
LaTeX Font Info:    ... okay on input line 61.
LaTeX Font Info:    Checking defaults for U/cmr/m/n on input line 61.
LaTeX Font Info:    ... okay on input line 61.

(/usr/share/texlive/texmf-dist/tex/context/base/supp-pdf.mkii
[Loading MPS to PDF converter (version 2006.09.02).]
\scratchcounter=\count112
\scratchdimen=\dimen120
\scratchbox=\box52
\nofMPsegments=\count113
\nofMParguments=\count114
\everyMPshowfont=\toks19
\MPscratchCnt=\count115
\MPscratchDim=\dimen121
\MPnumerator=\count116
\makeMPintoPDFobject=\count117
\everyMPtoPDFconversion=\toks20
) (/usr/share/texlive/texmf-dist/tex/generic/oberdiek/pdftexcmds.sty
Package: pdftexcmds 2011/11/29 v0.20 Utility functions of pdfTeX for LuaTeX (HO
)

(/usr/share/texlive/texmf-dist/tex/generic/oberdiek/ifluatex.sty
Package: ifluatex 2010/03/01 v1.3 Provides the ifluatex switch (HO)
Package ifluatex Info: LuaTeX not detected.
)
(/usr/share/texlive/texmf-dist/tex/generic/oberdiek/ifpdf.sty
Package: ifpdf 2011/01/30 v2.3 Provides the ifpdf switch (HO)
Package ifpdf Info: pdfTeX in PDF mode is detected.
)
Package pdftexcmds Info: LuaTeX not detected.
Package pdftexcmds Info: \pdf@primitive is available.
Package pdftexcmds Info: \pdf@ifprimitive is available.
Package pdftexcmds Info: \pdfdraftmode found.
)
(/usr/share/texlive/texmf-dist/tex/latex/oberdiek/epstopdf-base.sty
Package: epstopdf-base 2010/02/09 v2.5 Base part for package epstopdf

(/usr/share/texlive/texmf-dist/tex/latex/oberdiek/grfext.sty
Package: grfext 2010/08/19 v1.1 Manage graphics extensions (HO)

(/usr/share/texlive/texmf-dist/tex/generic/oberdiek/kvdefinekeys.sty
Package: kvdefinekeys 2011/04/07 v1.3 Define keys (HO)
))
(/usr/share/texlive/texmf-dist/tex/latex/oberdiek/kvoptions.sty
Package: kvoptions 2011/06/30 v3.11 Key value format for package options (HO)

(/usr/share/texlive/texmf-dist/tex/generic/oberdiek/kvsetkeys.sty
Package: kvsetkeys 2012/04/25 v1.16 Key value parser (HO)

(/usr/share/texlive/texmf-dist/tex/generic/oberdiek/etexcmds.sty
Package: etexcmds 2011/02/16 v1.5 Avoid name clashes with e-TeX commands (HO)
Package etexcmds Info: Could not find \expanded.
(etexcmds)             That can mean that you are not using pdfTeX 1.50 or
(etexcmds)             that some package has redefined \expanded.
(etexcmds)             In the latter case, load this package earlier.
)))
Package grfext Info: Graphics extension search list:
(grfext)             [.png,.pdf,.jpg,.mps,.jpeg,.jbig2,.jb2,.PNG,.PDF,.JPG,.JPE
G,.JBIG2,.JB2,.eps]
(grfext)             \AppendGraphicsExtensions on input line 452.

(/usr/share/texlive/texmf-dist/tex/latex/latexconfig/epstopdf-sys.cfg
File: epstopdf-sys.cfg 2010/07/13 v1.3 Configuration of (r)epstopdf for TeX Liv
e
))
<figures/TUMLogo_oZ_Outline_schwarz_CMYK.pdf, id=1, 53.24391pt x 28.41014pt>
File: figures/TUMLogo_oZ_Outline_schwarz_CMYK.pdf Graphic file (type pdf)

<use figures/TUMLogo_oZ_Outline_schwarz_CMYK.pdf>
Package pdftex.def Info: figures/TUMLogo_oZ_Outline_schwarz_CMYK.pdf used on in
put line 63.
(pdftex.def)             Requested size: 113.81102pt x 60.72942pt.
LaTeX Font Info:    External font `cmex10' loaded for size
(Font)              <14.4> on input line 63.
LaTeX Font Info:    External font `cmex10' loaded for size
(Font)              <7> on input line 63.
 [1

{/var/lib/texmf/fonts/map/pdftex/updmap/pdftex.map} <./figures/TUMLogo_oZ_Outli
ne_schwarz_CMYK.pdf>]
\openout2 = `StatementsEN.aux'.


(./StatementsEN.tex
LaTeX Font Info:    External font `cmex10' loaded for size
(Font)              <12> on input line 11.
LaTeX Font Info:    External font `cmex10' loaded for size
(Font)              <8> on input line 11.
LaTeX Font Info:    External font `cmex10' loaded for size
(Font)              <6> on input line 11.

Underfull \hbox (badness 10000) in paragraph at lines 24--25

 []


Underfull \hbox (badness 10000) in paragraph at lines 26--27

 []

) [1

]
\openout2 = `Kurzfassung.aux'.

 (./Kurzfassung.tex)
\openout2 = `Abstract.aux'.

 (./Abstract.tex) [1




] (./LMT_Thesis.toc [2


])
\tf@toc=\write3
\openout3 = `LMT_Thesis.toc'.

 [3]
\openout2 = `Introduction.aux'.


(./Introduction.tex
Chapter 1.
) [1


]
\openout2 = `Body.aux'.

 (./Body.tex
Chapter 2.
[2



] <figures/texture.png, id=34, 798.73407pt x 407.27156pt>
File: figures/texture.png Graphic file (type png)

<use figures/texture.png>
Package pdftex.def Info: figures/texture.png used on input line 27.
(pdftex.def)             Requested size: 398.33858pt x 203.11325pt.
 [3 <./figures/texture.png>]
Chapter 3.
[4

] <figures/lpcsynthesis.png, id=42, 823.075pt x 399.4925pt>
File: figures/lpcsynthesis.png Graphic file (type png)

<use figures/lpcsynthesis.png>
Package pdftex.def Info: figures/lpcsynthesis.png used on input line 81.
(pdftex.def)             Requested size: 225.75594pt x 109.57123pt.
LaTeX Font Info:    External font `cmex10' loaded for size
(Font)              <5> on input line 81.

<figures/lpc.png, id=44, 552.0625pt x 274.02374pt>
File: figures/lpc.png Graphic file (type png)
 <use figures/lpc.png>
Package pdftex.def Info: figures/lpc.png used on input line 83.
(pdftex.def)             Requested size: 225.75594pt x 112.05777pt.

<figures/error2.png, id=45, 421.575pt x 316.18124pt>
File: figures/error2.png Graphic file (type png)
 <use figures/error2.png>
Package pdftex.def Info: figures/error2.png used on input line 97.
(pdftex.def)             Requested size: 322.50345pt x 241.88268pt.


LaTeX Warning: `!h' float specifier changed to `!ht'.

[5] [6 <./figures/lpcsynthesis.png> <./figures/lpc.png (PNG copy)> <./figures/e
rror2.png (PNG copy)>]
<figures/gr_doppelt.png, id=61, 421.575pt x 316.18124pt>
File: figures/gr_doppelt.png Graphic file (type png)

<use figures/gr_doppelt.png>
Package pdftex.def Info: figures/gr_doppelt.png used on input line 118.
(pdftex.def)             Requested size: 225.75594pt x 169.31691pt.

<figures/gr_lpc.png, id=62, 421.575pt x 316.18124pt>
File: figures/gr_lpc.png Graphic file (type png)
 <use figures/gr_lpc.png>
Package pdftex.def Info: figures/gr_lpc.png used on input line 119.
(pdftex.def)             Requested size: 225.75594pt x 169.31691pt.

[7 <./figures/gr_doppelt.png (PNG copy)> <./figures/gr_lpc.png (PNG copy)>]
<figures/schwebung1.png, id=66, 421.575pt x 316.18124pt>
File: figures/schwebung1.png Graphic file (type png)

<use figures/schwebung1.png>
Package pdftex.def Info: figures/schwebung1.png used on input line 135.
(pdftex.def)             Requested size: 138.21777pt x 103.66469pt.

<figures/schwebung2.png, id=67, 421.575pt x 316.18124pt>
File: figures/schwebung2.png Graphic file (type png)

<use figures/schwebung2.png>
Package pdftex.def Info: figures/schwebung2.png used on input line 136.
(pdftex.def)             Requested size: 138.21777pt x 103.66469pt.

<figures/schwebung3.png, id=68, 421.575pt x 316.18124pt>
File: figures/schwebung3.png Graphic file (type png)

<use figures/schwebung3.png>
Package pdftex.def Info: figures/schwebung3.png used on input line 137.
(pdftex.def)             Requested size: 138.21777pt x 103.66469pt.

<figures/schwebung4.png, id=69, 421.575pt x 316.18124pt>
File: figures/schwebung4.png Graphic file (type png)

<use figures/schwebung4.png>
Package pdftex.def Info: figures/schwebung4.png used on input line 138.
(pdftex.def)             Requested size: 138.21777pt x 103.66469pt.
 [8 <./figures/schwebung1.png (PNG copy)> <./figures/schwebung2.png (PNG copy)>
 <./figures/schwebung3.png (PNG copy)> <./figures/schwebung4.png (PNG copy)>] <
figures/co1_1.png, id=74, 421.575pt x 316.18124pt>
File: figures/co1_1.png Graphic file (type png)

<use figures/co1_1.png>
Package pdftex.def Info: figures/co1_1.png used on input line 179.
(pdftex.def)             Requested size: 322.50345pt x 241.88268pt.
 <figures/co1_2.png, id=75, 420.82219pt x 168.63pt>
File: figures/co1_2.png Graphic file (type png)

<use figures/co1_2.png>
Package pdftex.def Info: figures/co1_2.png used on input line 189.
(pdftex.def)             Requested size: 322.50345pt x 129.2331pt.

<figures/co1_time.png, id=76, 420.82219pt x 162.6075pt>
File: figures/co1_time.png Graphic file (type png)

<use figures/co1_time.png>
Package pdftex.def Info: figures/co1_time.png used on input line 198.
(pdftex.def)             Requested size: 322.50345pt x 124.61763pt.

<figures/co1_spectrum.png, id=77, 420.82219pt x 155.07938pt>
File: figures/co1_spectrum.png Graphic file (type png)

<use figures/co1_spectrum.png>
Package pdftex.def Info: figures/co1_spectrum.png used on input line 199.
(pdftex.def)             Requested size: 322.50345pt x 118.84828pt.

<figures/coak1.png, id=78, 421.575pt x 316.18124pt>
File: figures/coak1.png Graphic file (type png)
 <use figures/coak1.png>
Package pdftex.def Info: figures/coak1.png used on input line 215.
(pdftex.def)             Requested size: 225.75594pt x 169.31691pt.

<figures/coak5.png, id=79, 421.575pt x 316.18124pt>
File: figures/coak5.png Graphic file (type png)
 <use figures/coak5.png>
Package pdftex.def Info: figures/coak5.png used on input line 216.
(pdftex.def)             Requested size: 225.75594pt x 169.31691pt.

<figures/coak7.png, id=80, 421.575pt x 316.18124pt>
File: figures/coak7.png Graphic file (type png)
 <use figures/coak7.png>
Package pdftex.def Info: figures/coak7.png used on input line 217.
(pdftex.def)             Requested size: 225.75594pt x 169.31691pt.

<figures/coak10.png, id=81, 421.575pt x 316.18124pt>
File: figures/coak10.png Graphic file (type png)
 <use figures/coak10.png>
Package pdftex.def Info: figures/coak10.png used on input line 218.
(pdftex.def)             Requested size: 225.75594pt x 169.31691pt.

[9] [10 <./figures/co1_1.png (PNG copy)> <./figures/co1_2.png>] [11 <./figures/
co1_time.png> <./figures/co1_spectrum.png>] [12 <./figures/coak1.png (PNG copy)
> <./figures/coak5.png (PNG copy)> <./figures/coak7.png (PNG copy)> <./figures/
coak10.png (PNG copy)>]
Chapter 4.
<figures/boxplot.png, id=94, 421.575pt x 316.18124pt>
File: figures/boxplot.png Graphic file (type png)

<use figures/boxplot.png>
Package pdftex.def Info: figures/boxplot.png used on input line 243.
(pdftex.def)             Requested size: 322.50345pt x 241.88268pt.
 <figures/hist1.png, id=95, 421.575pt x 316.18124pt>
File: figures/hist1.png Graphic file (type png)

<use figures/hist1.png>
Package pdftex.def Info: figures/hist1.png used on input line 252.
(pdftex.def)             Requested size: 184.28568pt x 138.21799pt.
 <figures/hist2.png, id=96, 421.575pt x 316.18124pt>
File: figures/hist2.png Graphic file (type png)

<use figures/hist2.png>
Package pdftex.def Info: figures/hist2.png used on input line 253.
(pdftex.def)             Requested size: 184.28568pt x 138.21799pt.
 <figures/hist3.png, id=97, 421.575pt x 316.18124pt>
File: figures/hist3.png Graphic file (type png)

<use figures/hist3.png>
Package pdftex.def Info: figures/hist3.png used on input line 254.
(pdftex.def)             Requested size: 184.28568pt x 138.21799pt.
 <figures/hist4.png, id=98, 421.575pt x 316.18124pt>
File: figures/hist4.png Graphic file (type png)

<use figures/hist4.png>
Package pdftex.def Info: figures/hist4.png used on input line 255.
(pdftex.def)             Requested size: 184.28568pt x 138.21799pt.
 <figures/hist5.png, id=99, 421.575pt x 316.18124pt>
File: figures/hist5.png Graphic file (type png)

<use figures/hist5.png>
Package pdftex.def Info: figures/hist5.png used on input line 256.
(pdftex.def)             Requested size: 184.28568pt x 138.21799pt.
 <figures/hist6.png, id=100, 421.575pt x 316.18124pt>
File: figures/hist6.png Graphic file (type png)

<use figures/hist6.png>
Package pdftex.def Info: figures/hist6.png used on input line 257.
(pdftex.def)             Requested size: 184.28568pt x 138.21799pt.
 <figures/hist7.png, id=101, 421.575pt x 316.18124pt>
File: figures/hist7.png Graphic file (type png)

<use figures/hist7.png>
Package pdftex.def Info: figures/hist7.png used on input line 258.
(pdftex.def)             Requested size: 184.28568pt x 138.21799pt.


LaTeX Warning: Float too large for page by 73.53857pt on input line 262.

[13

] [14 <./figures/boxplot.png (PNG copy)>] [15 <./figures/hist1.png (PNG copy)> 
<./figures/hist2.png (PNG copy)> <./figures/hist3.png (PNG copy)> <./figures/hi
st4.png (PNG copy)> <./figures/hist5.png (PNG copy)> <./figures/hist6.png (PNG 
copy)> <./figures/hist7.png (PNG copy)>]
Chapter 5.
[16

] [17] <figures/deney2.png, id=118, 421.575pt x 316.18124pt>
File: figures/deney2.png Graphic file (type png)

<use figures/deney2.png>
Package pdftex.def Info: figures/deney2.png used on input line 335.
(pdftex.def)             Requested size: 322.50345pt x 241.88268pt.

<figures/boxfreq.png, id=119, 421.575pt x 316.18124pt>
File: figures/boxfreq.png Graphic file (type png)

<use figures/boxfreq.png>
Package pdftex.def Info: figures/boxfreq.png used on input line 346.
(pdftex.def)             Requested size: 322.50345pt x 241.88268pt.
 [18 <./figures/deney2.png (PNG copy)>] [19 <./figures/boxfreq.png (PNG copy)>]
 [20]
Chapter 6.
<figures/showroom.png, id=130, 748.29562pt x 363.60844pt>
File: figures/showroom.png Graphic file (type png)

<use figures/showroom.png>
Package pdftex.def Info: figures/showroom.png used on input line 371.
(pdftex.def)             Requested size: 322.50345pt x 156.70921pt.
 [21

] [22 <./figures/showroom.png>]
<figures/experiment2.png, id=137, 421.575pt x 316.18124pt>
File: figures/experiment2.png Graphic file (type png)

<use figures/experiment2.png>
Package pdftex.def Info: figures/experiment2.png used on input line 418.
(pdftex.def)             Requested size: 345.54092pt x 259.15933pt.
 [23 <./figures/experiment2.png (PNG copy)>])
[24]
\openout2 = `Conclusions.aux'.

 (./Conclusions.tex
Chapter 7.
[25



]) [26]
\openout2 = `Appendix.aux'.

 (./Appendix.tex) (./LMT_Thesis.lof [27




])
\tf@lof=\write4
\openout4 = `LMT_Thesis.lof'.

 [28] (./LMT_Thesis.lot)
\tf@lot=\write5
\openout5 = `LMT_Thesis.lot'.


(./LMT_Thesis.bbl [29

] [30

]) [31] (./LMT_Thesis.aux (./StatementsEN.aux)
(./Kurzfassung.aux) (./Abstract.aux) (./Introduction.aux) (./Body.aux)
(./Conclusions.aux) (./Appendix.aux)) ) 
Here is how much of TeX's memory you used:
 3730 strings out of 494860
 56219 string characters out of 6177603
 144780 words of memory out of 5000000
 6870 multiletter control sequences out of 15000+600000
 11202 words of font info for 39 fonts, out of 8000000 for 9000
 36 hyphenation exceptions out of 8191
 47i,8n,44p,1735b,288s stack positions out of 5000i,500n,10000p,200000b,80000s
</usr/share/texlive/texmf-dist/fonts/typ
e1/public/amsfonts/cm/cmbx12.pfb></usr/share/texlive/texmf-dist/fonts/type1/pub
lic/amsfonts/cm/cmex10.pfb></usr/share/texlive/texmf-dist/fonts/type1/public/am
sfonts/cm/cmmi10.pfb></usr/share/texlive/texmf-dist/fonts/type1/public/amsfonts
/cm/cmmi12.pfb></usr/share/texlive/texmf-dist/fonts/type1/public/amsfonts/cm/cm
mi7.pfb></usr/share/texlive/texmf-dist/fonts/type1/public/amsfonts/cm/cmmi8.pfb
></usr/share/texlive/texmf-dist/fonts/type1/public/amsfonts/cm/cmr10.pfb></usr/
share/texlive/texmf-dist/fonts/type1/public/amsfonts/cm/cmr12.pfb></usr/share/t
exlive/texmf-dist/fonts/type1/public/amsfonts/cm/cmr17.pfb></usr/share/texlive/
texmf-dist/fonts/type1/public/amsfonts/cm/cmr8.pfb></usr/share/texlive/texmf-di
st/fonts/type1/public/amsfonts/cm/cmsl12.pfb></usr/share/texlive/texmf-dist/fon
ts/type1/public/amsfonts/cm/cmss12.pfb></usr/share/texlive/texmf-dist/fonts/typ
e1/public/amsfonts/cm/cmss17.pfb></usr/share/texlive/texmf-dist/fonts/type1/pub
lic/amsfonts/cm/cmsy10.pfb></usr/share/texlive/texmf-dist/fonts/type1/public/am
sfonts/cm/cmsy8.pfb></usr/share/texlive/texmf-dist/fonts/type1/public/amsfonts/
cm/cmti12.pfb></usr/share/texlive/texmf-dist/fonts/type1/public/amsfonts/cm/cmt
t12.pfb>
Output written on LMT_Thesis.pdf (36 pages, 1400579 bytes).
PDF statistics:
 223 PDF objects out of 1000 (max. 8388607)
 134 compressed objects within 2 object streams
 0 named destinations out of 1000 (max. 500000)
 156 words of extra memory for PDF output out of 10000 (max. 10000000)

